Using pre-set license
Built from '2020.3/release' branch; Version is '2020.3.2f1 (8fd9074bf66c) revision 9427207'; Using compiler version '192528614'; Build Type 'Release'
OS: 'Windows 10 Pro; OS build 18363.1316; Version 1909; 64bit' Language: 'ru' Physical Memory: 16308 MB
BatchMode: 1, IsHumanControllingUs: 0, StartBugReporterOnCrash: 0, Is64bit: 1, IsPro: 0

 COMMAND LINE ARGUMENTS:
D:\Unity\Editor\2020.3.2f1\Editor\Unity.exe
-adb2
-batchMode
-noUpm
-name
AssetImportWorker0
-projectPath
D:/Unity Projects/HybridHarvest/HybridHarvestProj
-logFile
Logs/AssetImportWorker0.log
-srvPort
51083
Successfully changed project path to: D:/Unity Projects/HybridHarvest/HybridHarvestProj
D:/Unity Projects/HybridHarvest/HybridHarvestProj
Using Asset Import Pipeline V2.
Refreshing native plugins compatible for Editor in 66.74 ms, found 1 plugins.
Preloading 0 native plugins for Editor in 0.00 ms.
Initialize engine version: 2020.3.2f1 (8fd9074bf66c)
[Subsystems] Discovering subsystems at path D:/Unity/Editor/2020.3.2f1/Editor/Data/Resources/UnitySubsystems
[Subsystems] Discovering subsystems at path D:/Unity Projects/HybridHarvest/HybridHarvestProj/Assets
GfxDevice: creating device client; threaded=0
Direct3D:
    Version:  Direct3D 11.0 [level 11.1]
    Renderer: Radeon RX 580 Series (ID=0x67df)
    Vendor:   
    VRAM:     8171 MB
    Driver:   27.20.15003.1004
Shader 'Universal Render Pipeline/Particles/Lit': fallback shader 'Universal Render Pipeline/Particles/SimpleLit' not found
Initialize mono
Mono path[0] = 'D:/Unity/Editor/2020.3.2f1/Editor/Data/Managed'
Mono path[1] = 'D:/Unity/Editor/2020.3.2f1/Editor/Data/MonoBleedingEdge/lib/mono/unityjit'
Mono config path = 'D:/Unity/Editor/2020.3.2f1/Editor/Data/MonoBleedingEdge/etc'
Using monoOptions --debugger-agent=transport=dt_socket,embedding=1,server=y,suspend=n,address=127.0.0.1:56252
Begin MonoManager ReloadAssembly
Registering precompiled unity dll's ...
Register platform support module: D:/Unity/Editor/2020.3.2f1/Editor/Data/PlaybackEngines/WindowsStandaloneSupport/UnityEditor.WindowsStandalone.Extensions.dll
Registered in 0.001029 seconds.
Native extension for WindowsStandalone target not found
Refreshing native plugins compatible for Editor in 75.81 ms, found 1 plugins.
Preloading 0 native plugins for Editor in 0.00 ms.
Invoked RoslynAnalysisRunner static constructor.
RoslynAnalysisRunner will not be running.
RoslynAnalysisRunner has terminated.
Mono: successfully reloaded assembly
- Completed reload, in  1.798 seconds
Platform modules already initialized, skipping
Registering precompiled user dll's ...
Registered in 0.001324 seconds.
Begin MonoManager ReloadAssembly
Native extension for WindowsStandalone target not found
Refreshing native plugins compatible for Editor in 62.06 ms, found 1 plugins.
Preloading 0 native plugins for Editor in 0.00 ms.
Invoked RoslynAnalysisRunner static constructor.
RoslynAnalysisRunner will not be running.
RoslynAnalysisRunner has terminated.
Mono: successfully reloaded assembly
- Completed reload, in  1.210 seconds
Platform modules already initialized, skipping
========================================================================
Worker process is ready to serve import requests
Shader 'Universal Render Pipeline/Particles/Lit': fallback shader 'Universal Render Pipeline/Particles/SimpleLit' not found
Launched and connected shader compiler UnityShaderCompiler.exe after 0.11 seconds
Refreshing native plugins compatible for Editor in 0.56 ms, found 1 plugins.
Preloading 0 native plugins for Editor in 0.00 ms.
Unloading 2913 Unused Serialized files (Serialized files now loaded: 0)
System memory in use before: 126.6 MB.
System memory in use after: 126.7 MB.

Unloading 24 unused Assets to reduce memory usage. Loaded Objects now: 3359.
Total: 3.175700 ms (FindLiveObjects: 0.284000 ms CreateObjectMapping: 0.132900 ms MarkObjects: 2.607500 ms  DeleteObjects: 0.149800 ms)

========================================================================
Received Import Request.
  path: Assets/Scenes/Field.unity
  artifactKey: Guid(4cec066c414e0004bb91b52d2d3eff87) Importer(815301076,1909f56bfc062723c751e8b465ee728b)
Start importing Assets/Scenes/Field.unity using Guid(4cec066c414e0004bb91b52d2d3eff87) Importer(815301076,1909f56bfc062723c751e8b465ee728b)  -> (artifact id: '01ec01c44f25ad2f1b00dd56a2819647') in 0.030170 seconds
  Import took 0.035385 seconds .

========================================================================
Received Import Request.
  Time since last request: 0.000302 seconds.
  path: Assets/Scenes/Choice.unity
  artifactKey: Guid(f342da700a7bd684ab8475ecefbf94cd) Importer(815301076,1909f56bfc062723c751e8b465ee728b)
Start importing Assets/Scenes/Choice.unity using Guid(f342da700a7bd684ab8475ecefbf94cd) Importer(815301076,1909f56bfc062723c751e8b465ee728b)  -> (artifact id: '6a5908ef2727885a622c4e31e8d231f5') in 0.007193 seconds
  Import took 0.011883 seconds .

========================================================================
Received Import Request.
  Time since last request: 7747.282760 seconds.
  path: Assets/Resources/SeedsIcons/appl.jpg
  artifactKey: Guid(704eb61f36f2d3443b10c0fca6505b8b) Importer(815301076,1909f56bfc062723c751e8b465ee728b)
Start importing Assets/Resources/SeedsIcons/appl.jpg using Guid(704eb61f36f2d3443b10c0fca6505b8b) Importer(815301076,1909f56bfc062723c751e8b465ee728b)  -> (artifact id: '2d63b559f6303a55ec67fa4f4f19840c') in 0.291994 seconds
  Import took 0.383200 seconds .

========================================================================
Received Import Request.
  Time since last request: 0.000193 seconds.
  path: Assets/Textures (raw)/Back5.png
  artifactKey: Guid(1e6c9f66cd9a1ff40a353a1d428841bb) Importer(815301076,1909f56bfc062723c751e8b465ee728b)
Start importing Assets/Textures (raw)/Back5.png using Guid(1e6c9f66cd9a1ff40a353a1d428841bb) Importer(815301076,1909f56bfc062723c751e8b465ee728b)  -> (artifact id: 'bfe61c9a47a657dfb77e7c106589ea95') in 0.024178 seconds
  Import took 0.030481 seconds .

========================================================================
Received Import Request.
  Time since last request: 0.000231 seconds.
  path: Assets/Textures (raw)/potato.png
  artifactKey: Guid(3acda43a0ad526b4a92c6d8ab2166f91) Importer(815301076,1909f56bfc062723c751e8b465ee728b)
Start importing Assets/Textures (raw)/potato.png using Guid(3acda43a0ad526b4a92c6d8ab2166f91) Importer(815301076,1909f56bfc062723c751e8b465ee728b)  -> (artifact id: 'd0d33a4485bb9f82784325a7fb6cbe46') in 0.045793 seconds
  Import took 0.053382 seconds .

========================================================================
Received Import Request.
  Time since last request: 0.000179 seconds.
  path: Assets/Textures (raw)/backarrow2.png
  artifactKey: Guid(d771952c347761448956b8ef6b977ba2) Importer(815301076,1909f56bfc062723c751e8b465ee728b)
Start importing Assets/Textures (raw)/backarrow2.png using Guid(d771952c347761448956b8ef6b977ba2) Importer(815301076,1909f56bfc062723c751e8b465ee728b)  -> (artifact id: '913e5ff5f3e5508f4242a79cb571746f') in 0.017992 seconds
  Import took 0.025708 seconds .

========================================================================
Received Import Request.
  Time since last request: 0.000174 seconds.
  path: Assets/Textures (raw)/appl.jpg
  artifactKey: Guid(4c3d8afa6842f1e45b13fdbc861f9e8f) Importer(815301076,1909f56bfc062723c751e8b465ee728b)
Start importing Assets/Textures (raw)/appl.jpg using Guid(4c3d8afa6842f1e45b13fdbc861f9e8f) Importer(815301076,1909f56bfc062723c751e8b465ee728b)  -> (artifact id: 'a35a7405cb4c3af6084d074c5baa94e4') in 0.024239 seconds
  Import took 0.032019 seconds .

========================================================================
Received Import Request.
  Time since last request: 0.000203 seconds.
  path: Assets/Textures (raw)/main menu title.png
  artifactKey: Guid(8e1066a304f1d4e4592b0838b6ab84fb) Importer(815301076,1909f56bfc062723c751e8b465ee728b)
Start importing Assets/Textures (raw)/main menu title.png using Guid(8e1066a304f1d4e4592b0838b6ab84fb) Importer(815301076,1909f56bfc062723c751e8b465ee728b)  -> (artifact id: '543d534532f9586c2d58a6a18ba4b9c8') in 0.020060 seconds
  Import took 0.025800 seconds .

========================================================================
Received Import Request.
  Time since last request: 0.000185 seconds.
  path: Assets/Textures (raw)/FarmField.png
  artifactKey: Guid(3a6065d8e637db144a3753a59f59249d) Importer(815301076,1909f56bfc062723c751e8b465ee728b)
Start importing Assets/Textures (raw)/FarmField.png using Guid(3a6065d8e637db144a3753a59f59249d) Importer(815301076,1909f56bfc062723c751e8b465ee728b)  -> (artifact id: 'c6fd4b04da0f9ca2ff36fd71bcde7a09') in 0.029385 seconds
  Import took 0.035305 seconds .

========================================================================
Received Import Request.
  Time since last request: 0.000192 seconds.
  path: Assets/Textures (raw)/LabLamp.png
  artifactKey: Guid(6d27e2e6ec1f6844181c6765bb3c4be2) Importer(815301076,1909f56bfc062723c751e8b465ee728b)
Start importing Assets/Textures (raw)/LabLamp.png using Guid(6d27e2e6ec1f6844181c6765bb3c4be2) Importer(815301076,1909f56bfc062723c751e8b465ee728b)  -> (artifact id: 'eb675d96b2746ec7943f9e871e6db5f3') in 0.025047 seconds
  Import took 0.032348 seconds .

========================================================================
Received Import Request.
  Time since last request: 0.000178 seconds.
  path: Assets/Textures (raw)/pot.png
  artifactKey: Guid(906d27e133ceb8148924f23303d4dd08) Importer(815301076,1909f56bfc062723c751e8b465ee728b)
Start importing Assets/Textures (raw)/pot.png using Guid(906d27e133ceb8148924f23303d4dd08) Importer(815301076,1909f56bfc062723c751e8b465ee728b)  -> (artifact id: '1b6770cf81988f2cb5f9e9cc2bf2fba7') in 0.018111 seconds
  Import took 0.025206 seconds .

========================================================================
Received Import Request.
  Time since last request: 0.000234 seconds.
  path: Assets/Textures (raw)/FarmFieldPreview.png
  artifactKey: Guid(e8832939033c02e43b908bd12d6d78c3) Importer(815301076,1909f56bfc062723c751e8b465ee728b)
Start importing Assets/Textures (raw)/FarmFieldPreview.png using Guid(e8832939033c02e43b908bd12d6d78c3) Importer(815301076,1909f56bfc062723c751e8b465ee728b)  -> (artifact id: '98eecb9d3f52c67073af423f259ebab6') in 0.020923 seconds
  Import took 0.037530 seconds .

========================================================================
Received Import Request.
  Time since last request: 0.000204 seconds.
  path: Assets/Textures (raw)/Lab.png
  artifactKey: Guid(ffce60b32a8471d409bcd286cde691e3) Importer(815301076,1909f56bfc062723c751e8b465ee728b)
Start importing Assets/Textures (raw)/Lab.png using Guid(ffce60b32a8471d409bcd286cde691e3) Importer(815301076,1909f56bfc062723c751e8b465ee728b)  -> (artifact id: '040a8ce8aa5949f8d02bc3c4f81b3ca9') in 0.034327 seconds
  Import took 0.043576 seconds .

========================================================================
Received Import Request.
  Time since last request: 0.000187 seconds.
  path: Assets/Textures (raw)/Back4.png
  artifactKey: Guid(8a6946196e9e3e649b7b876e38047e80) Importer(815301076,1909f56bfc062723c751e8b465ee728b)
Start importing Assets/Textures (raw)/Back4.png using Guid(8a6946196e9e3e649b7b876e38047e80) Importer(815301076,1909f56bfc062723c751e8b465ee728b)  -> (artifact id: '7a692a1bcc2be29ac859ed5bacc84c1a') in 0.018618 seconds
  Import took 0.024593 seconds .

========================================================================
Received Import Request.
  Time since last request: 0.000178 seconds.
  path: Assets/Textures (raw)/Back7.png
  artifactKey: Guid(62a05c2b09962a74c9b24acf6083c8f5) Importer(815301076,1909f56bfc062723c751e8b465ee728b)
Start importing Assets/Textures (raw)/Back7.png using Guid(62a05c2b09962a74c9b24acf6083c8f5) Importer(815301076,1909f56bfc062723c751e8b465ee728b)  -> (artifact id: '9dee8d3b4f75c74db9e9047848bf65a1') in 0.025581 seconds
  Import took 0.031662 seconds .

========================================================================
Received Import Request.
  Time since last request: 0.000205 seconds.
  path: Assets/Textures (raw)/Back6.png
  artifactKey: Guid(4a2313621ac443b45aadfe6816ce7e3e) Importer(815301076,1909f56bfc062723c751e8b465ee728b)
Start importing Assets/Textures (raw)/Back6.png using Guid(4a2313621ac443b45aadfe6816ce7e3e) Importer(815301076,1909f56bfc062723c751e8b465ee728b)  -> (artifact id: '79912ae624b4ec5e85d0fb6ccd3960b8') in 0.016107 seconds
  Import took 0.025069 seconds .

========================================================================
Received Import Request.
  Time since last request: 0.000250 seconds.
  path: Assets/Textures (raw)/backarrow3.png
  artifactKey: Guid(3352f88fff796d441b319d41b34bc6f1) Importer(815301076,1909f56bfc062723c751e8b465ee728b)
Start importing Assets/Textures (raw)/backarrow3.png using Guid(3352f88fff796d441b319d41b34bc6f1) Importer(815301076,1909f56bfc062723c751e8b465ee728b)  -> (artifact id: '873b1e03064bd023ded53df8f7101711') in 0.019983 seconds
  Import took 0.026672 seconds .

========================================================================
Received Import Request.
  Time since last request: 0.000308 seconds.
  path: Assets/Resources/SeedsIcons/potato.png
  artifactKey: Guid(9be7f7c7fa3558547aec6ac8df1ef823) Importer(815301076,1909f56bfc062723c751e8b465ee728b)
Start importing Assets/Resources/SeedsIcons/potato.png using Guid(9be7f7c7fa3558547aec6ac8df1ef823) Importer(815301076,1909f56bfc062723c751e8b465ee728b)  -> (artifact id: '21ed9ade9d4399a2d3c94bbb9bdbf02b') in 0.020936 seconds
  Import took 0.029660 seconds .

========================================================================
Received Import Request.
  Time since last request: 0.000199 seconds.
  path: Assets/Textures (raw)/MainMenuBG.png
  artifactKey: Guid(89998ef44274e58429dd2215ea11fb51) Importer(815301076,1909f56bfc062723c751e8b465ee728b)
Start importing Assets/Textures (raw)/MainMenuBG.png using Guid(89998ef44274e58429dd2215ea11fb51) Importer(815301076,1909f56bfc062723c751e8b465ee728b)  -> (artifact id: 'c599cb3746dddea2de259d04dfbb329b') in 0.031404 seconds
  Import took 0.037103 seconds .

========================================================================
Received Import Request.
  Time since last request: 0.000183 seconds.
  path: Assets/Textures (raw)/LabPreview.png
  artifactKey: Guid(69a1233bcde943d43b2e6dcf6cf65c8c) Importer(815301076,1909f56bfc062723c751e8b465ee728b)
Start importing Assets/Textures (raw)/LabPreview.png using Guid(69a1233bcde943d43b2e6dcf6cf65c8c) Importer(815301076,1909f56bfc062723c751e8b465ee728b)  -> (artifact id: '30b583a862e1b7603b9e6dd7f644c2cd') in 0.019494 seconds
  Import took 0.028222 seconds .

========================================================================
Received Import Request.
  Time since last request: 0.000181 seconds.
  path: Assets/Textures (raw)/backarrow.png
  artifactKey: Guid(bf4df128d706b094fb73d3604b14b438) Importer(815301076,1909f56bfc062723c751e8b465ee728b)
Start importing Assets/Textures (raw)/backarrow.png using Guid(bf4df128d706b094fb73d3604b14b438) Importer(815301076,1909f56bfc062723c751e8b465ee728b)  -> (artifact id: '2f8125446a32158bc831c35ee5efa688') in 0.017761 seconds
  Import took 0.026698 seconds .

========================================================================
Received Import Request.
  Time since last request: 6327.370621 seconds.
  path: Assets/Prefabs/Dropdown.prefab
  artifactKey: Guid(eee93e12047f8484abcf7bce8bbe7b6d) Importer(815301076,1909f56bfc062723c751e8b465ee728b)
Start importing Assets/Prefabs/Dropdown.prefab using Guid(eee93e12047f8484abcf7bce8bbe7b6d) Importer(815301076,1909f56bfc062723c751e8b465ee728b)  -> (artifact id: 'bfc82af5d684ef97bbd0439c23996b4c') in 0.088312 seconds
  Import took 0.116608 seconds .

========================================================================
Received Import Request.
  Time since last request: 1.281246 seconds.
  path: Assets/Materials/Choice.mat
  artifactKey: Guid(7155bd1ac94c16042ae78bedcdc8dd65) Importer(815301076,1909f56bfc062723c751e8b465ee728b)
Start importing Assets/Materials/Choice.mat using Guid(7155bd1ac94c16042ae78bedcdc8dd65) Importer(815301076,1909f56bfc062723c751e8b465ee728b)  -> (artifact id: 'bb2df22a7aa2dd30daafb317c12adaad') in 0.109283 seconds
  Import took 0.114993 seconds .

========================================================================
Received Import Request.
  Time since last request: 0.000222 seconds.
  path: Assets/Materials/Field.mat
  artifactKey: Guid(727d5a89c3a572f469ff4d2c9cc32c4b) Importer(815301076,1909f56bfc062723c751e8b465ee728b)
Start importing Assets/Materials/Field.mat using Guid(727d5a89c3a572f469ff4d2c9cc32c4b) Importer(815301076,1909f56bfc062723c751e8b465ee728b)  -> (artifact id: 'd6bafc85ca3b103b069511ebdae2bdb8') in 0.020169 seconds
  Import took 0.026329 seconds .

========================================================================
Received Import Request.
  Time since last request: 0.000230 seconds.
  path: Assets/Materials/Tesla.mat
  artifactKey: Guid(6550e992a7d033b4a9b5e6e154f75355) Importer(815301076,1909f56bfc062723c751e8b465ee728b)
Start importing Assets/Materials/Tesla.mat using Guid(6550e992a7d033b4a9b5e6e154f75355) Importer(815301076,1909f56bfc062723c751e8b465ee728b)  -> (artifact id: 'ab7d6ee4cad7dba3f5a42e92f0c14a98') in 0.014082 seconds
  Import took 0.019446 seconds .

========================================================================
Received Import Request.
  Time since last request: 0.000190 seconds.
  path: Assets/Materials/Lab.mat
  artifactKey: Guid(5d6cf7d2d4f482549ac7b53abea14f3d) Importer(815301076,1909f56bfc062723c751e8b465ee728b)
Start importing Assets/Materials/Lab.mat using Guid(5d6cf7d2d4f482549ac7b53abea14f3d) Importer(815301076,1909f56bfc062723c751e8b465ee728b)  -> (artifact id: '1d2ad57550bc15132338fa4d7f55d8af') in 0.011232 seconds
  Import took 0.016801 seconds .

========================================================================
Received Import Request.
  Time since last request: 0.000198 seconds.
  path: Assets/Materials/MainMenu.mat
  artifactKey: Guid(3e2f333b86711a54d863bab7ce68353c) Importer(815301076,1909f56bfc062723c751e8b465ee728b)
Start importing Assets/Materials/MainMenu.mat using Guid(3e2f333b86711a54d863bab7ce68353c) Importer(815301076,1909f56bfc062723c751e8b465ee728b)  -> (artifact id: '065a4b26c464fdfcbd386b87f1d274c6') in 0.013943 seconds
  Import took 0.020250 seconds .

========================================================================
Received Import Request.
  Time since last request: 1.205680 seconds.
  path: Assets/Textures (raw)/quantum.png
  artifactKey: Guid(550148d6019f32b4f824f18dacdbd069) Importer(815301076,1909f56bfc062723c751e8b465ee728b)
Start importing Assets/Textures (raw)/quantum.png using Guid(550148d6019f32b4f824f18dacdbd069) Importer(815301076,1909f56bfc062723c751e8b465ee728b)  -> (artifact id: 'e35557ce6b791e92ae6eb2c9868486ba') in 0.015406 seconds
  Import took 0.021500 seconds .

========================================================================
Received Import Request.
  Time since last request: 0.000236 seconds.
  path: Assets/Textures (raw)/WoodTexture.png
  artifactKey: Guid(28a6183a0ee313849a7583bce9d6a8fc) Importer(815301076,1909f56bfc062723c751e8b465ee728b)
Start importing Assets/Textures (raw)/WoodTexture.png using Guid(28a6183a0ee313849a7583bce9d6a8fc) Importer(815301076,1909f56bfc062723c751e8b465ee728b)  -> (artifact id: '67863a2c577d1dd5df7f45154fdac420') in 0.057602 seconds
  Import took 0.063263 seconds .

========================================================================
Received Import Request.
  Time since last request: 0.000177 seconds.
  path: Assets/Textures (raw)/start button.png
  artifactKey: Guid(8c080867a960a674899d66cd9f4910fa) Importer(815301076,1909f56bfc062723c751e8b465ee728b)
Start importing Assets/Textures (raw)/start button.png using Guid(8c080867a960a674899d66cd9f4910fa) Importer(815301076,1909f56bfc062723c751e8b465ee728b)  -> (artifact id: '356c4341814736885dc74b122e9a7441') in 0.016254 seconds
  Import took 0.022176 seconds .

========================================================================
Received Import Request.
  Time since last request: 0.000197 seconds.
  path: Assets/Textures (raw)/WoodenFrame.png
  artifactKey: Guid(f4b95e64abb3f384c92ccb1a4d2b9c1c) Importer(815301076,1909f56bfc062723c751e8b465ee728b)
Start importing Assets/Textures (raw)/WoodenFrame.png using Guid(f4b95e64abb3f384c92ccb1a4d2b9c1c) Importer(815301076,1909f56bfc062723c751e8b465ee728b)  -> (artifact id: '28873f22bd26c0379d91a18a5285e629') in 0.021962 seconds
  Import took 0.030824 seconds .

========================================================================
Received Import Request.
  Time since last request: 0.000168 seconds.
  path: Assets/Textures (raw)/quantum.png
  artifactKey: Guid(550148d6019f32b4f824f18dacdbd069) Importer(815301076,1909f56bfc062723c751e8b465ee728b)
Start importing Assets/Textures (raw)/quantum.png using Guid(550148d6019f32b4f824f18dacdbd069) Importer(815301076,1909f56bfc062723c751e8b465ee728b)  -> (artifact id: 'e35557ce6b791e92ae6eb2c9868486ba') in 0.009538 seconds
  Import took 0.015410 seconds .

========================================================================
Received Import Request.
  Time since last request: 0.000163 seconds.
  path: Assets/Textures (raw)/WoodTexture2.png
  artifactKey: Guid(4678f10911c15f2478f31f2272f49fa0) Importer(815301076,1909f56bfc062723c751e8b465ee728b)
Start importing Assets/Textures (raw)/WoodTexture2.png using Guid(4678f10911c15f2478f31f2272f49fa0) Importer(815301076,1909f56bfc062723c751e8b465ee728b)  -> (artifact id: '5b93ce7228fd94dfb7cad077c129923b') in 0.024963 seconds
  Import took 0.030720 seconds .

========================================================================
Received Import Request.
  Time since last request: 0.000164 seconds.
  path: Assets/Textures (raw)/WoodenFrame2.png
  artifactKey: Guid(7e37a2e93516da54db266d697b65a4f0) Importer(815301076,1909f56bfc062723c751e8b465ee728b)
Start importing Assets/Textures (raw)/WoodenFrame2.png using Guid(7e37a2e93516da54db266d697b65a4f0) Importer(815301076,1909f56bfc062723c751e8b465ee728b)  -> (artifact id: 'b2a3579e7e84c9adc2ee6c193ceb0a43') in 0.046644 seconds
  Import took 0.052296 seconds .

========================================================================
Received Import Request.
  Time since last request: 9.537322 seconds.
  path: Assets/Scripts/Seed.cs
  artifactKey: Guid(a112785622812904490495f4cb0851a6) Importer(815301076,1909f56bfc062723c751e8b465ee728b)
Start importing Assets/Scripts/Seed.cs using Guid(a112785622812904490495f4cb0851a6) Importer(815301076,1909f56bfc062723c751e8b465ee728b)  -> (artifact id: '080f7eb5633861ea7a7766ce3d9ba800') in 0.012717 seconds
  Import took 0.018231 seconds .

========================================================================
Received Import Request.
  Time since last request: 30.424208 seconds.
  path: Assets/Scripts/CheckInventory.cs
  artifactKey: Guid(864d4c45f268f8d469b0de1d638d7c06) Importer(815301076,1909f56bfc062723c751e8b465ee728b)
Start importing Assets/Scripts/CheckInventory.cs using Guid(864d4c45f268f8d469b0de1d638d7c06) Importer(815301076,1909f56bfc062723c751e8b465ee728b)  -> (artifact id: '7c776bfad74f51c6922f91d15cc39302') in 0.006438 seconds
  Import took 0.012809 seconds .

========================================================================
Received Import Request.
  Time since last request: 1.566591 seconds.
  path: Assets/Scripts/Drawinventory.cs
  artifactKey: Guid(f8c6882ad41349249a1d534eb6cb1ac9) Importer(815301076,1909f56bfc062723c751e8b465ee728b)
Start importing Assets/Scripts/Drawinventory.cs using Guid(f8c6882ad41349249a1d534eb6cb1ac9) Importer(815301076,1909f56bfc062723c751e8b465ee728b)  -> (artifact id: '60e24eb6bf253177a1baf15c8b680538') in 0.034003 seconds
  Import took 0.040728 seconds .

========================================================================
Received Import Request.
  Time since last request: 0.002800 seconds.
  path: Assets/Scripts/Drawinventory.cs
  artifactKey: Guid(f8c6882ad41349249a1d534eb6cb1ac9) Importer(815301076,1909f56bfc062723c751e8b465ee728b)
Start importing Assets/Scripts/Drawinventory.cs using Guid(f8c6882ad41349249a1d534eb6cb1ac9) Importer(815301076,1909f56bfc062723c751e8b465ee728b)  -> (artifact id: '60e24eb6bf253177a1baf15c8b680538') in 0.010941 seconds
  Import took 0.018370 seconds .

========================================================================
Received Import Request.
  Time since last request: 0.273285 seconds.
  path: Assets/Scripts/Inventory.cs
  artifactKey: Guid(962e5c81aea117c4d819087f57e05ff6) Importer(815301076,1909f56bfc062723c751e8b465ee728b)
Start importing Assets/Scripts/Inventory.cs using Guid(962e5c81aea117c4d819087f57e05ff6) Importer(815301076,1909f56bfc062723c751e8b465ee728b)  -> (artifact id: '09b5a1657602952be8e3f94ced004d02') in 0.007715 seconds
  Import took 0.012978 seconds .

========================================================================
Received Import Request.
  Time since last request: 0.000777 seconds.
  path: Assets/Scripts/Inventory.cs
  artifactKey: Guid(962e5c81aea117c4d819087f57e05ff6) Importer(815301076,1909f56bfc062723c751e8b465ee728b)
Start importing Assets/Scripts/Inventory.cs using Guid(962e5c81aea117c4d819087f57e05ff6) Importer(815301076,1909f56bfc062723c751e8b465ee728b)  -> (artifact id: '09b5a1657602952be8e3f94ced004d02') in 0.001559 seconds
  Import took 0.009574 seconds .

========================================================================
Received Import Request.
  Time since last request: 23.307862 seconds.
  path: Assets/Scripts/ClearInventory.cs
  artifactKey: Guid(7e621eb1f87ddde4f97b1ea7f35991ab) Importer(815301076,1909f56bfc062723c751e8b465ee728b)
Start importing Assets/Scripts/ClearInventory.cs using Guid(7e621eb1f87ddde4f97b1ea7f35991ab) Importer(815301076,1909f56bfc062723c751e8b465ee728b)  -> (artifact id: '91c103922c65af073d190cda6ee601ac') in 0.006046 seconds
  Import took 0.012731 seconds .

========================================================================
Received Import Request.
  Time since last request: 2.828458 seconds.
  path: Assets/Scripts/BackGroundCreation.cs
  artifactKey: Guid(2b256aa6c9ce5ad41bdc6df13eccc4ca) Importer(815301076,1909f56bfc062723c751e8b465ee728b)
Start importing Assets/Scripts/BackGroundCreation.cs using Guid(2b256aa6c9ce5ad41bdc6df13eccc4ca) Importer(815301076,1909f56bfc062723c751e8b465ee728b)  -> (artifact id: '20ca2f9d44a54f32e449ae2d7562f7e3') in 0.067292 seconds
  Import took 0.145778 seconds .

========================================================================
Received Import Request.
  Time since last request: 5.311034 seconds.
  path: Assets/Resources/SeedsIcons
  artifactKey: Guid(d192749e5a8f8c142847f1c26c7357bb) Importer(815301076,1909f56bfc062723c751e8b465ee728b)
Start importing Assets/Resources/SeedsIcons using Guid(d192749e5a8f8c142847f1c26c7357bb) Importer(815301076,1909f56bfc062723c751e8b465ee728b)  -> (artifact id: '13fd48bb82cd18c510cab451dab4ff19') in 0.033851 seconds
  Import took 0.046195 seconds .

========================================================================
Received Prepare
Registering precompiled user dll's ...
Registered in 0.001287 seconds.
Begin MonoManager ReloadAssembly
Native extension for WindowsStandalone target not found
Refreshing native plugins compatible for Editor in 0.54 ms, found 1 plugins.
Preloading 0 native plugins for Editor in 0.00 ms.
Invoked RoslynAnalysisRunner static constructor.
RoslynAnalysisRunner will not be running.
RoslynAnalysisRunner has terminated.
Mono: successfully reloaded assembly
- Completed reload, in  1.080 seconds
Platform modules already initialized, skipping
Switching build target platform(5) subTarget(0) extendedPlatform(0) -> platform(13) subTarget(537395200) extendedPlatform(0)
Shader 'Universal Render Pipeline/Particles/Lit': fallback shader 'Universal Render Pipeline/Particles/SimpleLit' not found
Refreshing native plugins compatible for Editor in 0.63 ms, found 1 plugins.
Preloading 0 native plugins for Editor in 0.00 ms.
Unloading 2856 Unused Serialized files (Serialized files now loaded: 0)
System memory in use before: 123.2 MB.
System memory in use after: 123.3 MB.

Unloading 18 unused Assets to reduce memory usage. Loaded Objects now: 3433.
Total: 2.936800 ms (FindLiveObjects: 0.416100 ms CreateObjectMapping: 0.140400 ms MarkObjects: 2.234700 ms  DeleteObjects: 0.144600 ms)

AssetImportParameters requested are different than current active one (requested -> active):
  custom:graphics/normal-map-encoding: 01000000000000000000000000000000 -> 02000000000000000000000000000000
========================================================================
Received Prepare
Registering precompiled user dll's ...
Registered in 0.001390 seconds.
Begin MonoManager ReloadAssembly
Native extension for WindowsStandalone target not found
Refreshing native plugins compatible for Editor in 1.09 ms, found 1 plugins.
Preloading 0 native plugins for Editor in 0.00 ms.
Invoked RoslynAnalysisRunner static constructor.
RoslynAnalysisRunner will not be running.
RoslynAnalysisRunner has terminated.
Mono: successfully reloaded assembly
- Completed reload, in  1.316 seconds
Platform modules already initialized, skipping
Switching build target platform(5) subTarget(0) extendedPlatform(0) -> platform(13) subTarget(537395200) extendedPlatform(0)
Shader 'Universal Render Pipeline/Particles/Lit': fallback shader 'Universal Render Pipeline/Particles/SimpleLit' not found
Refreshing native plugins compatible for Editor in 0.90 ms, found 1 plugins.
Preloading 0 native plugins for Editor in 0.00 ms.
Unloading 2856 Unused Serialized files (Serialized files now loaded: 0)
System memory in use before: 123.2 MB.
System memory in use after: 123.3 MB.

Unloading 13 unused Assets to reduce memory usage. Loaded Objects now: 3437.
Total: 3.261600 ms (FindLiveObjects: 0.346500 ms CreateObjectMapping: 0.123700 ms MarkObjects: 2.665200 ms  DeleteObjects: 0.125000 ms)

AssetImportParameters requested are different than current active one (requested -> active):
  custom:graphics/normal-map-encoding: 01000000000000000000000000000000 -> 02000000000000000000000000000000
========================================================================
Received Import Request.
  Time since last request: 480.340406 seconds.
  path: Assets/Textures (raw)/side panel.png
  artifactKey: Guid(ed49ce33916531646b502f8a07d8973b) Importer(815301076,1909f56bfc062723c751e8b465ee728b)
Start importing Assets/Textures (raw)/side panel.png using Guid(ed49ce33916531646b502f8a07d8973b) Importer(815301076,1909f56bfc062723c751e8b465ee728b)  -> (artifact id: '871688fef7d0fb3dd996fe13699e0a4f') in 0.098122 seconds
  Import took 0.106804 seconds .

========================================================================
Received Import Request.
  Time since last request: 4.327572 seconds.
  path: Assets/Textures (raw)/side panel.png
  artifactKey: Guid(ed49ce33916531646b502f8a07d8973b) Importer(815301076,1909f56bfc062723c751e8b465ee728b)
Start importing Assets/Textures (raw)/side panel.png using Guid(ed49ce33916531646b502f8a07d8973b) Importer(815301076,1909f56bfc062723c751e8b465ee728b)  -> (artifact id: 'ffbf2c8b6aafa9e1b4981170cf17bff5') in 0.015118 seconds
  Import took 0.026455 seconds .

========================================================================
Received Prepare
Registering precompiled user dll's ...
Registered in 0.001930 seconds.
Begin MonoManager ReloadAssembly
Native extension for WindowsStandalone target not found
Refreshing native plugins compatible for Editor in 0.62 ms, found 1 plugins.
Preloading 0 native plugins for Editor in 0.00 ms.
Invoked RoslynAnalysisRunner static constructor.
RoslynAnalysisRunner will not be running.
RoslynAnalysisRunner has terminated.
Mono: successfully reloaded assembly
- Completed reload, in  1.280 seconds
Platform modules already initialized, skipping
Switching build target platform(5) subTarget(0) extendedPlatform(0) -> platform(13) subTarget(537395200) extendedPlatform(0)
Shader 'Universal Render Pipeline/Particles/Lit': fallback shader 'Universal Render Pipeline/Particles/SimpleLit' not found
Refreshing native plugins compatible for Editor in 0.57 ms, found 1 plugins.
Preloading 0 native plugins for Editor in 0.00 ms.
Unloading 2856 Unused Serialized files (Serialized files now loaded: 0)
System memory in use before: 123.2 MB.
System memory in use after: 123.3 MB.

Unloading 13 unused Assets to reduce memory usage. Loaded Objects now: 3444.
Total: 4.204500 ms (FindLiveObjects: 0.278800 ms CreateObjectMapping: 0.125400 ms MarkObjects: 3.667200 ms  DeleteObjects: 0.131300 ms)

AssetImportParameters requested are different than current active one (requested -> active):
  custom:graphics/normal-map-encoding: 01000000000000000000000000000000 -> 02000000000000000000000000000000
========================================================================
Received Prepare
Registering precompiled user dll's ...
Registered in 0.001219 seconds.
Begin MonoManager ReloadAssembly
Native extension for WindowsStandalone target not found
Refreshing native plugins compatible for Editor in 0.59 ms, found 1 plugins.
Preloading 0 native plugins for Editor in 0.00 ms.
Invoked RoslynAnalysisRunner static constructor.
RoslynAnalysisRunner will not be running.
RoslynAnalysisRunner has terminated.
Mono: successfully reloaded assembly
- Completed reload, in  1.065 seconds
Platform modules already initialized, skipping
Switching build target platform(5) subTarget(0) extendedPlatform(0) -> platform(13) subTarget(537395200) extendedPlatform(0)
Shader 'Universal Render Pipeline/Particles/Lit': fallback shader 'Universal Render Pipeline/Particles/SimpleLit' not found
Refreshing native plugins compatible for Editor in 0.92 ms, found 1 plugins.
Preloading 0 native plugins for Editor in 0.00 ms.
Unloading 2856 Unused Serialized files (Serialized files now loaded: 0)
System memory in use before: 123.3 MB.
System memory in use after: 123.4 MB.

Unloading 13 unused Assets to reduce memory usage. Loaded Objects now: 3448.
Total: 4.938400 ms (FindLiveObjects: 0.538600 ms CreateObjectMapping: 1.521000 ms MarkObjects: 2.717100 ms  DeleteObjects: 0.160200 ms)

AssetImportParameters requested are different than current active one (requested -> active):
  custom:graphics/normal-map-encoding: 01000000000000000000000000000000 -> 02000000000000000000000000000000
========================================================================
Received Import Request.
  Time since last request: 266.881251 seconds.
  path: Assets/Textures (raw)/WoodenFrame3.png
  artifactKey: Guid(1933a8801966f304e88a5dc5d4d3a5bf) Importer(815301076,1909f56bfc062723c751e8b465ee728b)
Start importing Assets/Textures (raw)/WoodenFrame3.png using Guid(1933a8801966f304e88a5dc5d4d3a5bf) Importer(815301076,1909f56bfc062723c751e8b465ee728b)  -> (artifact id: 'f7e3fde16cdc26dc7ac61ab1b38beb91') in 0.113992 seconds
  Import took 0.121912 seconds .

========================================================================
Received Import Request.
  Time since last request: 24.267160 seconds.
  path: Assets/Textures (raw)/WoodenFrame2.png
  artifactKey: Guid(1933a8801966f304e88a5dc5d4d3a5bf) Importer(815301076,1909f56bfc062723c751e8b465ee728b)
Start importing Assets/Textures (raw)/WoodenFrame2.png using Guid(1933a8801966f304e88a5dc5d4d3a5bf) Importer(815301076,1909f56bfc062723c751e8b465ee728b)  -> (artifact id: '56175fa8ca1a8a14458ca75080bed77a') in 0.026820 seconds
  Import took 0.032397 seconds .

========================================================================
Received Import Request.
  Time since last request: 10.925448 seconds.
  path: Assets/Textures (raw)/side panel.png
  artifactKey: Guid(ed49ce33916531646b502f8a07d8973b) Importer(815301076,1909f56bfc062723c751e8b465ee728b)
Start importing Assets/Textures (raw)/side panel.png using Guid(ed49ce33916531646b502f8a07d8973b) Importer(815301076,1909f56bfc062723c751e8b465ee728b)  -> (artifact id: '2af896c6632459f6e96b5e8dc6fd1bf6') in 0.008644 seconds
  Import took 0.016228 seconds .

========================================================================
Received Import Request.
  Time since last request: 35.031779 seconds.
  path: Assets/Textures (raw)/WoodenFrame2.png
  artifactKey: Guid(12179c84b1d3e69438392d5425ac03fb) Importer(815301076,1909f56bfc062723c751e8b465ee728b)
Start importing Assets/Textures (raw)/WoodenFrame2.png using Guid(12179c84b1d3e69438392d5425ac03fb) Importer(815301076,1909f56bfc062723c751e8b465ee728b)  -> (artifact id: '40d8b38eda2d514f63e4139dad99a0a8') in 0.018701 seconds
  Import took 0.026020 seconds .

========================================================================
Received Prepare
Registering precompiled user dll's ...
Registered in 0.004224 seconds.
Begin MonoManager ReloadAssembly
Native extension for WindowsStandalone target not found
Refreshing native plugins compatible for Editor in 0.64 ms, found 1 plugins.
Preloading 0 native plugins for Editor in 0.00 ms.
Invoked RoslynAnalysisRunner static constructor.
RoslynAnalysisRunner will not be running.
RoslynAnalysisRunner has terminated.
Mono: successfully reloaded assembly
- Completed reload, in  2.045 seconds
Platform modules already initialized, skipping
Switching build target platform(5) subTarget(0) extendedPlatform(0) -> platform(13) subTarget(537395200) extendedPlatform(0)
Shader 'Universal Render Pipeline/Particles/Lit': fallback shader 'Universal Render Pipeline/Particles/SimpleLit' not found
Refreshing native plugins compatible for Editor in 0.56 ms, found 1 plugins.
Preloading 0 native plugins for Editor in 0.00 ms.
Unloading 2856 Unused Serialized files (Serialized files now loaded: 0)
System memory in use before: 123.3 MB.
System memory in use after: 123.4 MB.

Unloading 13 unused Assets to reduce memory usage. Loaded Objects now: 3453.
Total: 3.256900 ms (FindLiveObjects: 0.309900 ms CreateObjectMapping: 0.239900 ms MarkObjects: 2.575000 ms  DeleteObjects: 0.130800 ms)

AssetImportParameters requested are different than current active one (requested -> active):
  custom:graphics/normal-map-encoding: 01000000000000000000000000000000 -> 02000000000000000000000000000000
========================================================================
Received Prepare
Registering precompiled user dll's ...
Registered in 0.001295 seconds.
Begin MonoManager ReloadAssembly
Native extension for WindowsStandalone target not found
Refreshing native plugins compatible for Editor in 0.68 ms, found 1 plugins.
Preloading 0 native plugins for Editor in 0.00 ms.
Invoked RoslynAnalysisRunner static constructor.
RoslynAnalysisRunner will not be running.
RoslynAnalysisRunner has terminated.
Mono: successfully reloaded assembly
- Completed reload, in  1.167 seconds
Platform modules already initialized, skipping
Switching build target platform(5) subTarget(0) extendedPlatform(0) -> platform(13) subTarget(537395200) extendedPlatform(0)
Shader 'Universal Render Pipeline/Particles/Lit': fallback shader 'Universal Render Pipeline/Particles/SimpleLit' not found
Refreshing native plugins compatible for Editor in 0.57 ms, found 1 plugins.
Preloading 0 native plugins for Editor in 0.00 ms.
Unloading 2856 Unused Serialized files (Serialized files now loaded: 0)
System memory in use before: 123.3 MB.
System memory in use after: 123.4 MB.

Unloading 13 unused Assets to reduce memory usage. Loaded Objects now: 3457.
Total: 3.677800 ms (FindLiveObjects: 0.291500 ms CreateObjectMapping: 0.125200 ms MarkObjects: 3.009700 ms  DeleteObjects: 0.163600 ms)

AssetImportParameters requested are different than current active one (requested -> active):
  custom:graphics/normal-map-encoding: 01000000000000000000000000000000 -> 02000000000000000000000000000000
========================================================================
Received Import Request.
  Time since last request: 195.429342 seconds.
  path: Assets/Textures (raw)/SidePanel2.png
  artifactKey: Guid(ea0999354a020074abd6f18e8ccf2b2a) Importer(815301076,1909f56bfc062723c751e8b465ee728b)
Start importing Assets/Textures (raw)/SidePanel2.png using Guid(ea0999354a020074abd6f18e8ccf2b2a) Importer(815301076,1909f56bfc062723c751e8b465ee728b)  -> (artifact id: '60978ac3b7f2d93e6c8a789991dd99b6') in 0.076408 seconds
  Import took 0.083483 seconds .

========================================================================
Received Import Request.
  Time since last request: 9.256084 seconds.
  path: Assets/Textures (raw)/SidePanel2.png
  artifactKey: Guid(ea0999354a020074abd6f18e8ccf2b2a) Importer(815301076,1909f56bfc062723c751e8b465ee728b)
Start importing Assets/Textures (raw)/SidePanel2.png using Guid(ea0999354a020074abd6f18e8ccf2b2a) Importer(815301076,1909f56bfc062723c751e8b465ee728b)  -> (artifact id: '887e3156efc5ebd84eb30f635028df69') in 0.012539 seconds
  Import took 0.019539 seconds .

========================================================================
Received Prepare
Registering precompiled user dll's ...
Registered in 0.002015 seconds.
Begin MonoManager ReloadAssembly
Native extension for WindowsStandalone target not found
Refreshing native plugins compatible for Editor in 0.59 ms, found 1 plugins.
Preloading 0 native plugins for Editor in 0.00 ms.
Invoked RoslynAnalysisRunner static constructor.
RoslynAnalysisRunner will not be running.
RoslynAnalysisRunner has terminated.
Mono: successfully reloaded assembly
- Completed reload, in  1.422 seconds
Platform modules already initialized, skipping
Switching build target platform(5) subTarget(0) extendedPlatform(0) -> platform(13) subTarget(537395200) extendedPlatform(0)
Shader 'Universal Render Pipeline/Particles/Lit': fallback shader 'Universal Render Pipeline/Particles/SimpleLit' not found
Refreshing native plugins compatible for Editor in 0.55 ms, found 1 plugins.
Preloading 0 native plugins for Editor in 0.00 ms.
Unloading 2856 Unused Serialized files (Serialized files now loaded: 0)
System memory in use before: 123.3 MB.
System memory in use after: 123.4 MB.

Unloading 13 unused Assets to reduce memory usage. Loaded Objects now: 3462.
Total: 3.098200 ms (FindLiveObjects: 0.288000 ms CreateObjectMapping: 0.127900 ms MarkObjects: 2.543200 ms  DeleteObjects: 0.137300 ms)

AssetImportParameters requested are different than current active one (requested -> active):
  custom:graphics/normal-map-encoding: 01000000000000000000000000000000 -> 02000000000000000000000000000000
========================================================================
Received Prepare
Registering precompiled user dll's ...
Registered in 0.002188 seconds.
Begin MonoManager ReloadAssembly
Native extension for WindowsStandalone target not found
Refreshing native plugins compatible for Editor in 0.89 ms, found 1 plugins.
Preloading 0 native plugins for Editor in 0.00 ms.
Invoked RoslynAnalysisRunner static constructor.
RoslynAnalysisRunner will not be running.
RoslynAnalysisRunner has terminated.
Mono: successfully reloaded assembly
- Completed reload, in  1.811 seconds
Platform modules already initialized, skipping
Switching build target platform(5) subTarget(0) extendedPlatform(0) -> platform(13) subTarget(537395200) extendedPlatform(0)
Shader 'Universal Render Pipeline/Particles/Lit': fallback shader 'Universal Render Pipeline/Particles/SimpleLit' not found
Refreshing native plugins compatible for Editor in 0.56 ms, found 1 plugins.
Preloading 0 native plugins for Editor in 0.00 ms.
Unloading 2856 Unused Serialized files (Serialized files now loaded: 0)
System memory in use before: 123.3 MB.
System memory in use after: 123.4 MB.

Unloading 13 unused Assets to reduce memory usage. Loaded Objects now: 3466.
Total: 2.933800 ms (FindLiveObjects: 0.282800 ms CreateObjectMapping: 0.121000 ms MarkObjects: 2.390700 ms  DeleteObjects: 0.137800 ms)

AssetImportParameters requested are different than current active one (requested -> active):
  custom:graphics/normal-map-encoding: 01000000000000000000000000000000 -> 02000000000000000000000000000000
========================================================================
Received Prepare
Registering precompiled user dll's ...
Registered in 0.001393 seconds.
Begin MonoManager ReloadAssembly
Native extension for WindowsStandalone target not found
Refreshing native plugins compatible for Editor in 0.60 ms, found 1 plugins.
Preloading 0 native plugins for Editor in 0.00 ms.
Invoked RoslynAnalysisRunner static constructor.
RoslynAnalysisRunner will not be running.
RoslynAnalysisRunner has terminated.
Mono: successfully reloaded assembly
- Completed reload, in  1.178 seconds
Platform modules already initialized, skipping
Switching build target platform(5) subTarget(0) extendedPlatform(0) -> platform(13) subTarget(537395200) extendedPlatform(0)
Shader 'Universal Render Pipeline/Particles/Lit': fallback shader 'Universal Render Pipeline/Particles/SimpleLit' not found
Refreshing native plugins compatible for Editor in 0.58 ms, found 1 plugins.
Preloading 0 native plugins for Editor in 0.00 ms.
Unloading 2856 Unused Serialized files (Serialized files now loaded: 0)
System memory in use before: 123.3 MB.
System memory in use after: 123.4 MB.

Unloading 13 unused Assets to reduce memory usage. Loaded Objects now: 3470.
Total: 3.942100 ms (FindLiveObjects: 0.429900 ms CreateObjectMapping: 0.508100 ms MarkObjects: 2.857000 ms  DeleteObjects: 0.145500 ms)

AssetImportParameters requested are different than current active one (requested -> active):
  custom:graphics/normal-map-encoding: 01000000000000000000000000000000 -> 02000000000000000000000000000000
========================================================================
Received Prepare
Registering precompiled user dll's ...
Registered in 0.001370 seconds.
Begin MonoManager ReloadAssembly
Native extension for WindowsStandalone target not found
Refreshing native plugins compatible for Editor in 0.71 ms, found 1 plugins.
Preloading 0 native plugins for Editor in 0.00 ms.
Invoked RoslynAnalysisRunner static constructor.
RoslynAnalysisRunner will not be running.
RoslynAnalysisRunner has terminated.
Mono: successfully reloaded assembly
- Completed reload, in  1.151 seconds
Platform modules already initialized, skipping
Switching build target platform(5) subTarget(0) extendedPlatform(0) -> platform(13) subTarget(537395200) extendedPlatform(0)
Shader 'Universal Render Pipeline/Particles/Lit': fallback shader 'Universal Render Pipeline/Particles/SimpleLit' not found
Refreshing native plugins compatible for Editor in 0.79 ms, found 1 plugins.
Preloading 0 native plugins for Editor in 0.00 ms.
Unloading 2856 Unused Serialized files (Serialized files now loaded: 0)
System memory in use before: 123.3 MB.
System memory in use after: 123.4 MB.

Unloading 13 unused Assets to reduce memory usage. Loaded Objects now: 3474.
Total: 4.570600 ms (FindLiveObjects: 1.897400 ms CreateObjectMapping: 0.362000 ms MarkObjects: 2.170600 ms  DeleteObjects: 0.139500 ms)

AssetImportParameters requested are different than current active one (requested -> active):
  custom:graphics/normal-map-encoding: 01000000000000000000000000000000 -> 02000000000000000000000000000000
========================================================================
Received Import Request.
  Time since last request: 410.497304 seconds.
  path: Assets/Textures (raw)/Label.png
  artifactKey: Guid(02220292c3e77d34c8fbdf4ce9f75faf) Importer(815301076,1909f56bfc062723c751e8b465ee728b)
Start importing Assets/Textures (raw)/Label.png using Guid(02220292c3e77d34c8fbdf4ce9f75faf) Importer(815301076,1909f56bfc062723c751e8b465ee728b)  -> (artifact id: 'e80dc66d2057480c989dd9eac422a074') in 0.071779 seconds
  Import took 0.078662 seconds .

========================================================================
Received Import Request.
  Time since last request: 0.001293 seconds.
  path: Assets/Textures (raw)/Label.png
  artifactKey: Guid(02220292c3e77d34c8fbdf4ce9f75faf) Importer(815301076,1909f56bfc062723c751e8b465ee728b)
Start importing Assets/Textures (raw)/Label.png using Guid(02220292c3e77d34c8fbdf4ce9f75faf) Importer(815301076,1909f56bfc062723c751e8b465ee728b)  -> (artifact id: 'e80dc66d2057480c989dd9eac422a074') in 0.009373 seconds
  Import took 0.014829 seconds .

========================================================================
Received Import Request.
  Time since last request: 3.385595 seconds.
  path: Assets/Textures (raw)/Label.png
  artifactKey: Guid(02220292c3e77d34c8fbdf4ce9f75faf) Importer(815301076,1909f56bfc062723c751e8b465ee728b)
Start importing Assets/Textures (raw)/Label.png using Guid(02220292c3e77d34c8fbdf4ce9f75faf) Importer(815301076,1909f56bfc062723c751e8b465ee728b)  -> (artifact id: 'a4d13ad921dccb30a3590e3c6af4d7be') in 0.014239 seconds
  Import took 0.020798 seconds .

========================================================================
Received Import Request.
  Time since last request: 0.000542 seconds.
  path: Assets/Textures (raw)/Label.png
  artifactKey: Guid(02220292c3e77d34c8fbdf4ce9f75faf) Importer(815301076,1909f56bfc062723c751e8b465ee728b)
Start importing Assets/Textures (raw)/Label.png using Guid(02220292c3e77d34c8fbdf4ce9f75faf) Importer(815301076,1909f56bfc062723c751e8b465ee728b)  -> (artifact id: 'a4d13ad921dccb30a3590e3c6af4d7be') in 0.009906 seconds
  Import took 0.015975 seconds .

========================================================================
Received Prepare
Registering precompiled user dll's ...
Registered in 0.001710 seconds.
Begin MonoManager ReloadAssembly
Native extension for WindowsStandalone target not found
Refreshing native plugins compatible for Editor in 0.98 ms, found 1 plugins.
Preloading 0 native plugins for Editor in 0.00 ms.
Invoked RoslynAnalysisRunner static constructor.
RoslynAnalysisRunner will not be running.
RoslynAnalysisRunner has terminated.
Mono: successfully reloaded assembly
- Completed reload, in  1.364 seconds
Platform modules already initialized, skipping
Switching build target platform(5) subTarget(0) extendedPlatform(0) -> platform(13) subTarget(537395200) extendedPlatform(0)
Shader 'Universal Render Pipeline/Particles/Lit': fallback shader 'Universal Render Pipeline/Particles/SimpleLit' not found
Refreshing native plugins compatible for Editor in 0.58 ms, found 1 plugins.
Preloading 0 native plugins for Editor in 0.00 ms.
Unloading 2856 Unused Serialized files (Serialized files now loaded: 0)
System memory in use before: 123.4 MB.
System memory in use after: 123.5 MB.

Unloading 13 unused Assets to reduce memory usage. Loaded Objects now: 3481.
Total: 3.244200 ms (FindLiveObjects: 0.417700 ms CreateObjectMapping: 0.216900 ms MarkObjects: 2.471200 ms  DeleteObjects: 0.136900 ms)

AssetImportParameters requested are different than current active one (requested -> active):
  custom:graphics/normal-map-encoding: 01000000000000000000000000000000 -> 02000000000000000000000000000000
========================================================================
Received Prepare
Registering precompiled user dll's ...
Registered in 0.005239 seconds.
Begin MonoManager ReloadAssembly
Native extension for WindowsStandalone target not found
Refreshing native plugins compatible for Editor in 0.60 ms, found 1 plugins.
Preloading 0 native plugins for Editor in 0.00 ms.
Invoked RoslynAnalysisRunner static constructor.
RoslynAnalysisRunner will not be running.
RoslynAnalysisRunner has terminated.
Mono: successfully reloaded assembly
- Completed reload, in  1.174 seconds
Platform modules already initialized, skipping
Switching build target platform(5) subTarget(0) extendedPlatform(0) -> platform(13) subTarget(537395200) extendedPlatform(0)
Shader 'Universal Render Pipeline/Particles/Lit': fallback shader 'Universal Render Pipeline/Particles/SimpleLit' not found
Refreshing native plugins compatible for Editor in 0.57 ms, found 1 plugins.
Preloading 0 native plugins for Editor in 0.00 ms.
Unloading 2856 Unused Serialized files (Serialized files now loaded: 0)
System memory in use before: 123.4 MB.
System memory in use after: 123.5 MB.

Unloading 13 unused Assets to reduce memory usage. Loaded Objects now: 3485.
Total: 3.212300 ms (FindLiveObjects: 0.316200 ms CreateObjectMapping: 0.120500 ms MarkObjects: 2.639700 ms  DeleteObjects: 0.134300 ms)

AssetImportParameters requested are different than current active one (requested -> active):
  custom:graphics/normal-map-encoding: 01000000000000000000000000000000 -> 02000000000000000000000000000000
========================================================================
Received Import Request.
  Time since last request: 763.840935 seconds.
  path: Assets/Textures (raw)/Label 1.png
  artifactKey: Guid(ec98fcee48b19474581834c0ede4c2bf) Importer(815301076,1909f56bfc062723c751e8b465ee728b)
Start importing Assets/Textures (raw)/Label 1.png using Guid(ec98fcee48b19474581834c0ede4c2bf) Importer(815301076,1909f56bfc062723c751e8b465ee728b)  -> (artifact id: '3380200cfddd4f503f1ce74d4cb1d522') in 0.077048 seconds
  Import took 0.088973 seconds .

========================================================================
Received Prepare
Registering precompiled user dll's ...
Registered in 0.001643 seconds.
Begin MonoManager ReloadAssembly
Native extension for WindowsStandalone target not found
Refreshing native plugins compatible for Editor in 0.79 ms, found 1 plugins.
Preloading 0 native plugins for Editor in 0.00 ms.
Invoked RoslynAnalysisRunner static constructor.
RoslynAnalysisRunner will not be running.
RoslynAnalysisRunner has terminated.
Mono: successfully reloaded assembly
- Completed reload, in  1.546 seconds
Platform modules already initialized, skipping
Switching build target platform(5) subTarget(0) extendedPlatform(0) -> platform(13) subTarget(537395200) extendedPlatform(0)
Shader 'Universal Render Pipeline/Particles/Lit': fallback shader 'Universal Render Pipeline/Particles/SimpleLit' not found
Refreshing native plugins compatible for Editor in 1.91 ms, found 1 plugins.
Preloading 0 native plugins for Editor in 0.00 ms.
Unloading 2856 Unused Serialized files (Serialized files now loaded: 0)
System memory in use before: 123.4 MB.
System memory in use after: 123.5 MB.

Unloading 13 unused Assets to reduce memory usage. Loaded Objects now: 3492.
Total: 7.834500 ms (FindLiveObjects: 0.360100 ms CreateObjectMapping: 0.452300 ms MarkObjects: 6.645900 ms  DeleteObjects: 0.373800 ms)

AssetImportParameters requested are different than current active one (requested -> active):
  custom:graphics/normal-map-encoding: 01000000000000000000000000000000 -> 02000000000000000000000000000000
========================================================================
Received Prepare
Registering precompiled user dll's ...
Registered in 0.001603 seconds.
Begin MonoManager ReloadAssembly
Native extension for WindowsStandalone target not found
Refreshing native plugins compatible for Editor in 0.70 ms, found 1 plugins.
Preloading 0 native plugins for Editor in 0.00 ms.
Invoked RoslynAnalysisRunner static constructor.
RoslynAnalysisRunner will not be running.
RoslynAnalysisRunner has terminated.
Mono: successfully reloaded assembly
- Completed reload, in  1.573 seconds
Platform modules already initialized, skipping
Switching build target platform(5) subTarget(0) extendedPlatform(0) -> platform(13) subTarget(537395200) extendedPlatform(0)
Shader 'Universal Render Pipeline/Particles/Lit': fallback shader 'Universal Render Pipeline/Particles/SimpleLit' not found
Refreshing native plugins compatible for Editor in 0.60 ms, found 1 plugins.
Preloading 0 native plugins for Editor in 0.00 ms.
Unloading 2856 Unused Serialized files (Serialized files now loaded: 0)
System memory in use before: 123.4 MB.
System memory in use after: 123.5 MB.

Unloading 13 unused Assets to reduce memory usage. Loaded Objects now: 3496.
Total: 3.702500 ms (FindLiveObjects: 0.291000 ms CreateObjectMapping: 0.123600 ms MarkObjects: 3.156300 ms  DeleteObjects: 0.130500 ms)

AssetImportParameters requested are different than current active one (requested -> active):
  custom:graphics/normal-map-encoding: 01000000000000000000000000000000 -> 02000000000000000000000000000000
========================================================================
Received Prepare
Registering precompiled user dll's ...
Registered in 0.001973 seconds.
Begin MonoManager ReloadAssembly
Native extension for WindowsStandalone target not found
Refreshing native plugins compatible for Editor in 0.66 ms, found 1 plugins.
Preloading 0 native plugins for Editor in 0.00 ms.
Invoked RoslynAnalysisRunner static constructor.
RoslynAnalysisRunner will not be running.
RoslynAnalysisRunner has terminated.
Mono: successfully reloaded assembly
- Completed reload, in  1.264 seconds
Platform modules already initialized, skipping
Switching build target platform(5) subTarget(0) extendedPlatform(0) -> platform(13) subTarget(537395200) extendedPlatform(0)
Shader 'Universal Render Pipeline/Particles/Lit': fallback shader 'Universal Render Pipeline/Particles/SimpleLit' not found
Refreshing native plugins compatible for Editor in 0.68 ms, found 1 plugins.
Preloading 0 native plugins for Editor in 0.00 ms.
Unloading 2856 Unused Serialized files (Serialized files now loaded: 0)
System memory in use before: 123.4 MB.
System memory in use after: 123.5 MB.

Unloading 13 unused Assets to reduce memory usage. Loaded Objects now: 3500.
Total: 4.408200 ms (FindLiveObjects: 0.304900 ms CreateObjectMapping: 0.137800 ms MarkObjects: 3.825600 ms  DeleteObjects: 0.138000 ms)

AssetImportParameters requested are different than current active one (requested -> active):
  custom:graphics/normal-map-encoding: 01000000000000000000000000000000 -> 02000000000000000000000000000000
========================================================================
Received Prepare
Registering precompiled user dll's ...
Registered in 0.001478 seconds.
Begin MonoManager ReloadAssembly
Native extension for WindowsStandalone target not found
Refreshing native plugins compatible for Editor in 0.67 ms, found 1 plugins.
Preloading 0 native plugins for Editor in 0.00 ms.
Invoked RoslynAnalysisRunner static constructor.
RoslynAnalysisRunner will not be running.
RoslynAnalysisRunner has terminated.
Mono: successfully reloaded assembly
- Completed reload, in  1.169 seconds
Platform modules already initialized, skipping
Switching build target platform(5) subTarget(0) extendedPlatform(0) -> platform(13) subTarget(537395200) extendedPlatform(0)
Shader 'Universal Render Pipeline/Particles/Lit': fallback shader 'Universal Render Pipeline/Particles/SimpleLit' not found
Refreshing native plugins compatible for Editor in 0.56 ms, found 1 plugins.
Preloading 0 native plugins for Editor in 0.00 ms.
Unloading 2856 Unused Serialized files (Serialized files now loaded: 0)
System memory in use before: 123.4 MB.
System memory in use after: 123.5 MB.

Unloading 13 unused Assets to reduce memory usage. Loaded Objects now: 3504.
Total: 3.091000 ms (FindLiveObjects: 0.325100 ms CreateObjectMapping: 0.170600 ms MarkObjects: 2.435300 ms  DeleteObjects: 0.158100 ms)

AssetImportParameters requested are different than current active one (requested -> active):
  custom:graphics/normal-map-encoding: 01000000000000000000000000000000 -> 02000000000000000000000000000000
========================================================================
Received Import Request.
  Time since last request: 88.016440 seconds.
  path: Assets/Textures (raw)/Label 2.png
  artifactKey: Guid(4b25d9155cdb1f449bb7437d65962cb0) Importer(815301076,1909f56bfc062723c751e8b465ee728b)
Start importing Assets/Textures (raw)/Label 2.png using Guid(4b25d9155cdb1f449bb7437d65962cb0) Importer(815301076,1909f56bfc062723c751e8b465ee728b)  -> (artifact id: '299996357106be8c1ec528760fceb9c0') in 0.068889 seconds
  Import took 0.076630 seconds .

========================================================================
Received Import Request.
  Time since last request: 4.758180 seconds.
  path: Assets/Textures (raw)/Label 1.png
  artifactKey: Guid(ec98fcee48b19474581834c0ede4c2bf) Importer(815301076,1909f56bfc062723c751e8b465ee728b)
Start importing Assets/Textures (raw)/Label 1.png using Guid(ec98fcee48b19474581834c0ede4c2bf) Importer(815301076,1909f56bfc062723c751e8b465ee728b)  -> (artifact id: '6dcddca51ab3916f794257196d678f6c') in 0.028442 seconds
  Import took 0.038367 seconds .

========================================================================
Received Import Request.
  Time since last request: 2.682596 seconds.
  path: Assets/Textures (raw)/Label 2.png
  artifactKey: Guid(4b25d9155cdb1f449bb7437d65962cb0) Importer(815301076,1909f56bfc062723c751e8b465ee728b)
Start importing Assets/Textures (raw)/Label 2.png using Guid(4b25d9155cdb1f449bb7437d65962cb0) Importer(815301076,1909f56bfc062723c751e8b465ee728b)  -> (artifact id: '1dea33bc4ac1b422d8d57763db4e3a39') in 0.025657 seconds
  Import took 0.033263 seconds .

========================================================================
Received Prepare
Registering precompiled user dll's ...
Registered in 0.001681 seconds.
Begin MonoManager ReloadAssembly
Native extension for WindowsStandalone target not found
Refreshing native plugins compatible for Editor in 0.67 ms, found 1 plugins.
Preloading 0 native plugins for Editor in 0.00 ms.
Invoked RoslynAnalysisRunner static constructor.
RoslynAnalysisRunner will not be running.
RoslynAnalysisRunner has terminated.
Mono: successfully reloaded assembly
- Completed reload, in  1.368 seconds
Platform modules already initialized, skipping
Switching build target platform(5) subTarget(0) extendedPlatform(0) -> platform(13) subTarget(537395200) extendedPlatform(0)
Shader 'Universal Render Pipeline/Particles/Lit': fallback shader 'Universal Render Pipeline/Particles/SimpleLit' not found
Refreshing native plugins compatible for Editor in 0.67 ms, found 1 plugins.
Preloading 0 native plugins for Editor in 0.00 ms.
Unloading 2856 Unused Serialized files (Serialized files now loaded: 0)
System memory in use before: 123.4 MB.
System memory in use after: 123.5 MB.

Unloading 13 unused Assets to reduce memory usage. Loaded Objects now: 3511.
Total: 4.809300 ms (FindLiveObjects: 0.299900 ms CreateObjectMapping: 0.132900 ms MarkObjects: 4.234700 ms  DeleteObjects: 0.140300 ms)

AssetImportParameters requested are different than current active one (requested -> active):
  custom:graphics/normal-map-encoding: 01000000000000000000000000000000 -> 02000000000000000000000000000000
========================================================================
Received Prepare
Registering precompiled user dll's ...
Registered in 0.001322 seconds.
Begin MonoManager ReloadAssembly
Native extension for WindowsStandalone target not found
Refreshing native plugins compatible for Editor in 0.58 ms, found 1 plugins.
Preloading 0 native plugins for Editor in 0.00 ms.
Invoked RoslynAnalysisRunner static constructor.
RoslynAnalysisRunner will not be running.
RoslynAnalysisRunner has terminated.
Mono: successfully reloaded assembly
- Completed reload, in  1.163 seconds
Platform modules already initialized, skipping
Switching build target platform(5) subTarget(0) extendedPlatform(0) -> platform(13) subTarget(537395200) extendedPlatform(0)
Shader 'Universal Render Pipeline/Particles/Lit': fallback shader 'Universal Render Pipeline/Particles/SimpleLit' not found
Refreshing native plugins compatible for Editor in 0.56 ms, found 1 plugins.
Preloading 0 native plugins for Editor in 0.00 ms.
Unloading 2856 Unused Serialized files (Serialized files now loaded: 0)
System memory in use before: 123.4 MB.
System memory in use after: 123.5 MB.

Unloading 13 unused Assets to reduce memory usage. Loaded Objects now: 3515.
Total: 2.909500 ms (FindLiveObjects: 0.306700 ms CreateObjectMapping: 0.132100 ms MarkObjects: 2.335200 ms  DeleteObjects: 0.134100 ms)

AssetImportParameters requested are different than current active one (requested -> active):
  custom:graphics/normal-map-encoding: 01000000000000000000000000000000 -> 02000000000000000000000000000000
========================================================================
Received Prepare
Registering precompiled user dll's ...
Registered in 0.002421 seconds.
Begin MonoManager ReloadAssembly
Native extension for WindowsStandalone target not found
Refreshing native plugins compatible for Editor in 0.56 ms, found 1 plugins.
Preloading 0 native plugins for Editor in 0.00 ms.
Invoked RoslynAnalysisRunner static constructor.
RoslynAnalysisRunner will not be running.
RoslynAnalysisRunner has terminated.
Mono: successfully reloaded assembly
- Completed reload, in  1.148 seconds
Platform modules already initialized, skipping
Switching build target platform(5) subTarget(0) extendedPlatform(0) -> platform(13) subTarget(537395200) extendedPlatform(0)
Shader 'Universal Render Pipeline/Particles/Lit': fallback shader 'Universal Render Pipeline/Particles/SimpleLit' not found
Refreshing native plugins compatible for Editor in 0.59 ms, found 1 plugins.
Preloading 0 native plugins for Editor in 0.00 ms.
Unloading 2856 Unused Serialized files (Serialized files now loaded: 0)
System memory in use before: 123.5 MB.
System memory in use after: 123.5 MB.

Unloading 13 unused Assets to reduce memory usage. Loaded Objects now: 3519.
Total: 4.031400 ms (FindLiveObjects: 0.317800 ms CreateObjectMapping: 0.152600 ms MarkObjects: 3.426400 ms  DeleteObjects: 0.133300 ms)

AssetImportParameters requested are different than current active one (requested -> active):
  custom:graphics/normal-map-encoding: 01000000000000000000000000000000 -> 02000000000000000000000000000000
========================================================================
Received Prepare
Registering precompiled user dll's ...
Registered in 0.001880 seconds.
Begin MonoManager ReloadAssembly
Native extension for WindowsStandalone target not found
Refreshing native plugins compatible for Editor in 0.57 ms, found 1 plugins.
Preloading 0 native plugins for Editor in 0.00 ms.
Invoked RoslynAnalysisRunner static constructor.
RoslynAnalysisRunner will not be running.
RoslynAnalysisRunner has terminated.
Mono: successfully reloaded assembly
- Completed reload, in  1.121 seconds
Platform modules already initialized, skipping
Switching build target platform(5) subTarget(0) extendedPlatform(0) -> platform(13) subTarget(537395200) extendedPlatform(0)
Shader 'Universal Render Pipeline/Particles/Lit': fallback shader 'Universal Render Pipeline/Particles/SimpleLit' not found
Refreshing native plugins compatible for Editor in 0.55 ms, found 1 plugins.
Preloading 0 native plugins for Editor in 0.00 ms.
Unloading 2856 Unused Serialized files (Serialized files now loaded: 0)
System memory in use before: 123.5 MB.
System memory in use after: 123.6 MB.

Unloading 13 unused Assets to reduce memory usage. Loaded Objects now: 3523.
Total: 2.618700 ms (FindLiveObjects: 0.291400 ms CreateObjectMapping: 0.120600 ms MarkObjects: 2.073500 ms  DeleteObjects: 0.132000 ms)

AssetImportParameters requested are different than current active one (requested -> active):
  custom:graphics/normal-map-encoding: 01000000000000000000000000000000 -> 02000000000000000000000000000000
========================================================================
Received Prepare
Registering precompiled user dll's ...
Registered in 0.001707 seconds.
Begin MonoManager ReloadAssembly
Native extension for WindowsStandalone target not found
Refreshing native plugins compatible for Editor in 0.95 ms, found 1 plugins.
Preloading 0 native plugins for Editor in 0.00 ms.
Invoked RoslynAnalysisRunner static constructor.
RoslynAnalysisRunner will not be running.
RoslynAnalysisRunner has terminated.
Mono: successfully reloaded assembly
- Completed reload, in  1.090 seconds
Platform modules already initialized, skipping
Switching build target platform(5) subTarget(0) extendedPlatform(0) -> platform(13) subTarget(537395200) extendedPlatform(0)
Shader 'Universal Render Pipeline/Particles/Lit': fallback shader 'Universal Render Pipeline/Particles/SimpleLit' not found
Refreshing native plugins compatible for Editor in 0.56 ms, found 1 plugins.
Preloading 0 native plugins for Editor in 0.00 ms.
Unloading 2856 Unused Serialized files (Serialized files now loaded: 0)
System memory in use before: 123.5 MB.
System memory in use after: 123.6 MB.

Unloading 13 unused Assets to reduce memory usage. Loaded Objects now: 3527.
Total: 3.507200 ms (FindLiveObjects: 0.303000 ms CreateObjectMapping: 0.118500 ms MarkObjects: 2.932300 ms  DeleteObjects: 0.151800 ms)

AssetImportParameters requested are different than current active one (requested -> active):
  custom:graphics/normal-map-encoding: 01000000000000000000000000000000 -> 02000000000000000000000000000000
========================================================================
Received Import Request.
  Time since last request: 449.658254 seconds.
  path: Assets/Textures (raw)/Label.png
  artifactKey: Guid(02220292c3e77d34c8fbdf4ce9f75faf) Importer(815301076,1909f56bfc062723c751e8b465ee728b)
Start importing Assets/Textures (raw)/Label.png using Guid(02220292c3e77d34c8fbdf4ce9f75faf) Importer(815301076,1909f56bfc062723c751e8b465ee728b)  -> (artifact id: '7af66c336a2ccd90a13f503324ded3ee') in 0.071163 seconds
  Import took 0.078336 seconds .

========================================================================
Received Import Request.
  Time since last request: 3.609427 seconds.
  path: Assets/Textures (raw)/Label.png
  artifactKey: Guid(02220292c3e77d34c8fbdf4ce9f75faf) Importer(815301076,1909f56bfc062723c751e8b465ee728b)
Start importing Assets/Textures (raw)/Label.png using Guid(02220292c3e77d34c8fbdf4ce9f75faf) Importer(815301076,1909f56bfc062723c751e8b465ee728b)  -> (artifact id: 'cc3fbf43b4f5ece8a2728fb842ee6805') in 0.010052 seconds
  Import took 0.019396 seconds .

========================================================================
Received Prepare
Registering precompiled user dll's ...
Registered in 0.001248 seconds.
Begin MonoManager ReloadAssembly
Native extension for WindowsStandalone target not found
Refreshing native plugins compatible for Editor in 0.61 ms, found 1 plugins.
Preloading 0 native plugins for Editor in 0.00 ms.
Invoked RoslynAnalysisRunner static constructor.
RoslynAnalysisRunner will not be running.
RoslynAnalysisRunner has terminated.
Mono: successfully reloaded assembly
- Completed reload, in  1.198 seconds
Platform modules already initialized, skipping
Switching build target platform(5) subTarget(0) extendedPlatform(0) -> platform(13) subTarget(537395200) extendedPlatform(0)
Shader 'Universal Render Pipeline/Particles/Lit': fallback shader 'Universal Render Pipeline/Particles/SimpleLit' not found
Refreshing native plugins compatible for Editor in 0.59 ms, found 1 plugins.
Preloading 0 native plugins for Editor in 0.00 ms.
Unloading 2856 Unused Serialized files (Serialized files now loaded: 0)
System memory in use before: 123.5 MB.
System memory in use after: 123.6 MB.

Unloading 13 unused Assets to reduce memory usage. Loaded Objects now: 3534.
Total: 2.573800 ms (FindLiveObjects: 0.307500 ms CreateObjectMapping: 0.127600 ms MarkObjects: 2.011700 ms  DeleteObjects: 0.125800 ms)

AssetImportParameters requested are different than current active one (requested -> active):
  custom:graphics/normal-map-encoding: 01000000000000000000000000000000 -> 02000000000000000000000000000000
========================================================================
Received Prepare
Registering precompiled user dll's ...
Registered in 0.002029 seconds.
Begin MonoManager ReloadAssembly
Native extension for WindowsStandalone target not found
Refreshing native plugins compatible for Editor in 0.60 ms, found 1 plugins.
Preloading 0 native plugins for Editor in 0.00 ms.
Invoked RoslynAnalysisRunner static constructor.
RoslynAnalysisRunner will not be running.
RoslynAnalysisRunner has terminated.
Mono: successfully reloaded assembly
- Completed reload, in  1.162 seconds
Platform modules already initialized, skipping
Switching build target platform(5) subTarget(0) extendedPlatform(0) -> platform(13) subTarget(537395200) extendedPlatform(0)
Shader 'Universal Render Pipeline/Particles/Lit': fallback shader 'Universal Render Pipeline/Particles/SimpleLit' not found
Refreshing native plugins compatible for Editor in 0.63 ms, found 1 plugins.
Preloading 0 native plugins for Editor in 0.00 ms.
Unloading 2856 Unused Serialized files (Serialized files now loaded: 0)
System memory in use before: 123.5 MB.
System memory in use after: 123.6 MB.

Unloading 13 unused Assets to reduce memory usage. Loaded Objects now: 3538.
Total: 2.761700 ms (FindLiveObjects: 0.318500 ms CreateObjectMapping: 0.122200 ms MarkObjects: 2.189300 ms  DeleteObjects: 0.130700 ms)

AssetImportParameters requested are different than current active one (requested -> active):
  custom:graphics/normal-map-encoding: 01000000000000000000000000000000 -> 02000000000000000000000000000000
========================================================================
Received Prepare
Registering precompiled user dll's ...
Registered in 0.001525 seconds.
Begin MonoManager ReloadAssembly
Native extension for WindowsStandalone target not found
Refreshing native plugins compatible for Editor in 0.67 ms, found 1 plugins.
Preloading 0 native plugins for Editor in 0.00 ms.
Invoked RoslynAnalysisRunner static constructor.
RoslynAnalysisRunner will not be running.
RoslynAnalysisRunner has terminated.
Mono: successfully reloaded assembly
- Completed reload, in  1.480 seconds
Platform modules already initialized, skipping
Switching build target platform(5) subTarget(0) extendedPlatform(0) -> platform(13) subTarget(537395200) extendedPlatform(0)
Shader 'Universal Render Pipeline/Particles/Lit': fallback shader 'Universal Render Pipeline/Particles/SimpleLit' not found
Refreshing native plugins compatible for Editor in 0.68 ms, found 1 plugins.
Preloading 0 native plugins for Editor in 0.00 ms.
Unloading 2856 Unused Serialized files (Serialized files now loaded: 0)
System memory in use before: 123.5 MB.
System memory in use after: 123.6 MB.

Unloading 13 unused Assets to reduce memory usage. Loaded Objects now: 3542.
Total: 2.983100 ms (FindLiveObjects: 0.293200 ms CreateObjectMapping: 0.121100 ms MarkObjects: 2.407500 ms  DeleteObjects: 0.159800 ms)

AssetImportParameters requested are different than current active one (requested -> active):
  custom:graphics/normal-map-encoding: 01000000000000000000000000000000 -> 02000000000000000000000000000000
========================================================================
Received Prepare
Registering precompiled user dll's ...
Registered in 0.001232 seconds.
Begin MonoManager ReloadAssembly
Native extension for WindowsStandalone target not found
Refreshing native plugins compatible for Editor in 0.56 ms, found 1 plugins.
Preloading 0 native plugins for Editor in 0.00 ms.
Invoked RoslynAnalysisRunner static constructor.
RoslynAnalysisRunner will not be running.
RoslynAnalysisRunner has terminated.
Mono: successfully reloaded assembly
- Completed reload, in  1.222 seconds
Platform modules already initialized, skipping
Switching build target platform(5) subTarget(0) extendedPlatform(0) -> platform(13) subTarget(537395200) extendedPlatform(0)
Shader 'Universal Render Pipeline/Particles/Lit': fallback shader 'Universal Render Pipeline/Particles/SimpleLit' not found
Refreshing native plugins compatible for Editor in 0.58 ms, found 1 plugins.
Preloading 0 native plugins for Editor in 0.00 ms.
Unloading 2856 Unused Serialized files (Serialized files now loaded: 0)
System memory in use before: 123.5 MB.
System memory in use after: 123.6 MB.

Unloading 13 unused Assets to reduce memory usage. Loaded Objects now: 3546.
Total: 4.399300 ms (FindLiveObjects: 1.559700 ms CreateObjectMapping: 0.453600 ms MarkObjects: 2.250800 ms  DeleteObjects: 0.133600 ms)

AssetImportParameters requested are different than current active one (requested -> active):
  custom:graphics/normal-map-encoding: 01000000000000000000000000000000 -> 02000000000000000000000000000000
========================================================================
Received Prepare
Registering precompiled user dll's ...
Registered in 0.001742 seconds.
Begin MonoManager ReloadAssembly
Native extension for WindowsStandalone target not found
Refreshing native plugins compatible for Editor in 0.65 ms, found 1 plugins.
Preloading 0 native plugins for Editor in 0.00 ms.
Invoked RoslynAnalysisRunner static constructor.
RoslynAnalysisRunner will not be running.
RoslynAnalysisRunner has terminated.
Mono: successfully reloaded assembly
- Completed reload, in  1.167 seconds
Platform modules already initialized, skipping
Switching build target platform(5) subTarget(0) extendedPlatform(0) -> platform(13) subTarget(537395200) extendedPlatform(0)
Shader 'Universal Render Pipeline/Particles/Lit': fallback shader 'Universal Render Pipeline/Particles/SimpleLit' not found
Refreshing native plugins compatible for Editor in 0.58 ms, found 1 plugins.
Preloading 0 native plugins for Editor in 0.00 ms.
Unloading 2856 Unused Serialized files (Serialized files now loaded: 0)
System memory in use before: 123.5 MB.
System memory in use after: 123.6 MB.

Unloading 13 unused Assets to reduce memory usage. Loaded Objects now: 3550.
Total: 3.171600 ms (FindLiveObjects: 0.292600 ms CreateObjectMapping: 0.122900 ms MarkObjects: 2.547200 ms  DeleteObjects: 0.207600 ms)

AssetImportParameters requested are different than current active one (requested -> active):
  custom:graphics/normal-map-encoding: 01000000000000000000000000000000 -> 02000000000000000000000000000000
========================================================================
Received Prepare
Registering precompiled user dll's ...
Registered in 0.001231 seconds.
Begin MonoManager ReloadAssembly
Native extension for WindowsStandalone target not found
Refreshing native plugins compatible for Editor in 1.39 ms, found 1 plugins.
Preloading 0 native plugins for Editor in 0.00 ms.
Invoked RoslynAnalysisRunner static constructor.
RoslynAnalysisRunner will not be running.
RoslynAnalysisRunner has terminated.
Mono: successfully reloaded assembly
- Completed reload, in  1.242 seconds
Platform modules already initialized, skipping
Switching build target platform(5) subTarget(0) extendedPlatform(0) -> platform(13) subTarget(537395200) extendedPlatform(0)
Shader 'Universal Render Pipeline/Particles/Lit': fallback shader 'Universal Render Pipeline/Particles/SimpleLit' not found
Refreshing native plugins compatible for Editor in 0.55 ms, found 1 plugins.
Preloading 0 native plugins for Editor in 0.00 ms.
Unloading 2856 Unused Serialized files (Serialized files now loaded: 0)
System memory in use before: 123.5 MB.
System memory in use after: 123.6 MB.

Unloading 13 unused Assets to reduce memory usage. Loaded Objects now: 3554.
Total: 3.860500 ms (FindLiveObjects: 0.303800 ms CreateObjectMapping: 0.131800 ms MarkObjects: 2.877500 ms  DeleteObjects: 0.546000 ms)

AssetImportParameters requested are different than current active one (requested -> active):
  custom:graphics/normal-map-encoding: 01000000000000000000000000000000 -> 02000000000000000000000000000000
========================================================================
Received Prepare
Registering precompiled user dll's ...
Registered in 0.001471 seconds.
Begin MonoManager ReloadAssembly
Native extension for WindowsStandalone target not found
Refreshing native plugins compatible for Editor in 0.56 ms, found 1 plugins.
Preloading 0 native plugins for Editor in 0.00 ms.
Invoked RoslynAnalysisRunner static constructor.
RoslynAnalysisRunner will not be running.
RoslynAnalysisRunner has terminated.
Mono: successfully reloaded assembly
- Completed reload, in  1.203 seconds
Platform modules already initialized, skipping
Switching build target platform(5) subTarget(0) extendedPlatform(0) -> platform(13) subTarget(537395200) extendedPlatform(0)
Shader 'Universal Render Pipeline/Particles/Lit': fallback shader 'Universal Render Pipeline/Particles/SimpleLit' not found
Refreshing native plugins compatible for Editor in 0.90 ms, found 1 plugins.
Preloading 0 native plugins for Editor in 0.00 ms.
Unloading 2856 Unused Serialized files (Serialized files now loaded: 0)
System memory in use before: 123.5 MB.
System memory in use after: 123.6 MB.

Unloading 13 unused Assets to reduce memory usage. Loaded Objects now: 3558.
Total: 3.267200 ms (FindLiveObjects: 0.312100 ms CreateObjectMapping: 0.129500 ms MarkObjects: 2.689400 ms  DeleteObjects: 0.129400 ms)

AssetImportParameters requested are different than current active one (requested -> active):
  custom:graphics/normal-map-encoding: 01000000000000000000000000000000 -> 02000000000000000000000000000000
========================================================================
Received Prepare
Registering precompiled user dll's ...
Registered in 0.001526 seconds.
Begin MonoManager ReloadAssembly
Native extension for WindowsStandalone target not found
Refreshing native plugins compatible for Editor in 0.57 ms, found 1 plugins.
Preloading 0 native plugins for Editor in 0.00 ms.
Invoked RoslynAnalysisRunner static constructor.
RoslynAnalysisRunner will not be running.
RoslynAnalysisRunner has terminated.
Mono: successfully reloaded assembly
- Completed reload, in  1.307 seconds
Platform modules already initialized, skipping
Switching build target platform(5) subTarget(0) extendedPlatform(0) -> platform(13) subTarget(537395200) extendedPlatform(0)
Shader 'Universal Render Pipeline/Particles/Lit': fallback shader 'Universal Render Pipeline/Particles/SimpleLit' not found
Refreshing native plugins compatible for Editor in 0.55 ms, found 1 plugins.
Preloading 0 native plugins for Editor in 0.00 ms.
Unloading 2856 Unused Serialized files (Serialized files now loaded: 0)
System memory in use before: 123.5 MB.
System memory in use after: 123.6 MB.

Unloading 13 unused Assets to reduce memory usage. Loaded Objects now: 3562.
Total: 2.868800 ms (FindLiveObjects: 0.310200 ms CreateObjectMapping: 0.113900 ms MarkObjects: 2.245900 ms  DeleteObjects: 0.197800 ms)

AssetImportParameters requested are different than current active one (requested -> active):
  custom:graphics/normal-map-encoding: 01000000000000000000000000000000 -> 02000000000000000000000000000000
========================================================================
Received Prepare
Registering precompiled user dll's ...
Registered in 0.001357 seconds.
Begin MonoManager ReloadAssembly
Native extension for WindowsStandalone target not found
Refreshing native plugins compatible for Editor in 0.94 ms, found 1 plugins.
Preloading 0 native plugins for Editor in 0.00 ms.
Invoked RoslynAnalysisRunner static constructor.
RoslynAnalysisRunner will not be running.
RoslynAnalysisRunner has terminated.
Mono: successfully reloaded assembly
- Completed reload, in  1.073 seconds
Platform modules already initialized, skipping
Switching build target platform(5) subTarget(0) extendedPlatform(0) -> platform(13) subTarget(537395200) extendedPlatform(0)
Shader 'Universal Render Pipeline/Particles/Lit': fallback shader 'Universal Render Pipeline/Particles/SimpleLit' not found
Refreshing native plugins compatible for Editor in 0.88 ms, found 1 plugins.
Preloading 0 native plugins for Editor in 0.00 ms.
Unloading 2856 Unused Serialized files (Serialized files now loaded: 0)
System memory in use before: 123.6 MB.
System memory in use after: 123.7 MB.

Unloading 13 unused Assets to reduce memory usage. Loaded Objects now: 3566.
Total: 3.241400 ms (FindLiveObjects: 0.389400 ms CreateObjectMapping: 0.282600 ms MarkObjects: 2.428200 ms  DeleteObjects: 0.139500 ms)

AssetImportParameters requested are different than current active one (requested -> active):
  custom:graphics/normal-map-encoding: 01000000000000000000000000000000 -> 02000000000000000000000000000000
========================================================================
Received Prepare
Registering precompiled user dll's ...
Registered in 0.001440 seconds.
Begin MonoManager ReloadAssembly
Native extension for WindowsStandalone target not found
Refreshing native plugins compatible for Editor in 0.90 ms, found 1 plugins.
Preloading 0 native plugins for Editor in 0.00 ms.
Invoked RoslynAnalysisRunner static constructor.
RoslynAnalysisRunner will not be running.
RoslynAnalysisRunner has terminated.
Mono: successfully reloaded assembly
- Completed reload, in  1.098 seconds
Platform modules already initialized, skipping
Switching build target platform(5) subTarget(0) extendedPlatform(0) -> platform(13) subTarget(537395200) extendedPlatform(0)
Shader 'Universal Render Pipeline/Particles/Lit': fallback shader 'Universal Render Pipeline/Particles/SimpleLit' not found
Refreshing native plugins compatible for Editor in 0.62 ms, found 1 plugins.
Preloading 0 native plugins for Editor in 0.00 ms.
Unloading 2856 Unused Serialized files (Serialized files now loaded: 0)
System memory in use before: 123.6 MB.
System memory in use after: 123.7 MB.

Unloading 13 unused Assets to reduce memory usage. Loaded Objects now: 3570.
Total: 3.324500 ms (FindLiveObjects: 0.400500 ms CreateObjectMapping: 0.289300 ms MarkObjects: 2.500800 ms  DeleteObjects: 0.132600 ms)

AssetImportParameters requested are different than current active one (requested -> active):
  custom:graphics/normal-map-encoding: 01000000000000000000000000000000 -> 02000000000000000000000000000000
========================================================================
Received Prepare
Registering precompiled user dll's ...
Registered in 0.001768 seconds.
Begin MonoManager ReloadAssembly
Native extension for WindowsStandalone target not found
Refreshing native plugins compatible for Editor in 1.43 ms, found 1 plugins.
Preloading 0 native plugins for Editor in 0.00 ms.
Invoked RoslynAnalysisRunner static constructor.
RoslynAnalysisRunner will not be running.
RoslynAnalysisRunner has terminated.
Mono: successfully reloaded assembly
- Completed reload, in  1.308 seconds
Platform modules already initialized, skipping
Switching build target platform(5) subTarget(0) extendedPlatform(0) -> platform(13) subTarget(537395200) extendedPlatform(0)
Shader 'Universal Render Pipeline/Particles/Lit': fallback shader 'Universal Render Pipeline/Particles/SimpleLit' not found
Refreshing native plugins compatible for Editor in 0.60 ms, found 1 plugins.
Preloading 0 native plugins for Editor in 0.00 ms.
Unloading 2856 Unused Serialized files (Serialized files now loaded: 0)
System memory in use before: 123.6 MB.
System memory in use after: 123.7 MB.

Unloading 13 unused Assets to reduce memory usage. Loaded Objects now: 3574.
Total: 3.293100 ms (FindLiveObjects: 0.301700 ms CreateObjectMapping: 0.125200 ms MarkObjects: 2.692300 ms  DeleteObjects: 0.172600 ms)

AssetImportParameters requested are different than current active one (requested -> active):
  custom:graphics/normal-map-encoding: 01000000000000000000000000000000 -> 02000000000000000000000000000000
========================================================================
Received Prepare
Registering precompiled user dll's ...
Registered in 0.003209 seconds.
Begin MonoManager ReloadAssembly
Native extension for WindowsStandalone target not found
Refreshing native plugins compatible for Editor in 0.63 ms, found 1 plugins.
Preloading 0 native plugins for Editor in 0.00 ms.
Invoked RoslynAnalysisRunner static constructor.
RoslynAnalysisRunner will not be running.
RoslynAnalysisRunner has terminated.
Mono: successfully reloaded assembly
- Completed reload, in  1.131 seconds
Platform modules already initialized, skipping
Switching build target platform(5) subTarget(0) extendedPlatform(0) -> platform(13) subTarget(537395200) extendedPlatform(0)
Shader 'Universal Render Pipeline/Particles/Lit': fallback shader 'Universal Render Pipeline/Particles/SimpleLit' not found
Refreshing native plugins compatible for Editor in 0.67 ms, found 1 plugins.
Preloading 0 native plugins for Editor in 0.00 ms.
Unloading 2856 Unused Serialized files (Serialized files now loaded: 0)
System memory in use before: 123.6 MB.
System memory in use after: 123.7 MB.

Unloading 13 unused Assets to reduce memory usage. Loaded Objects now: 3578.
Total: 3.892000 ms (FindLiveObjects: 0.365600 ms CreateObjectMapping: 0.188000 ms MarkObjects: 3.188600 ms  DeleteObjects: 0.148300 ms)

AssetImportParameters requested are different than current active one (requested -> active):
  custom:graphics/normal-map-encoding: 01000000000000000000000000000000 -> 02000000000000000000000000000000
========================================================================
Received Prepare
Registering precompiled user dll's ...
Registered in 0.001465 seconds.
Begin MonoManager ReloadAssembly
Native extension for WindowsStandalone target not found
Refreshing native plugins compatible for Editor in 0.61 ms, found 1 plugins.
Preloading 0 native plugins for Editor in 0.00 ms.
Invoked RoslynAnalysisRunner static constructor.
RoslynAnalysisRunner will not be running.
RoslynAnalysisRunner has terminated.
Mono: successfully reloaded assembly
- Completed reload, in  1.185 seconds
Platform modules already initialized, skipping
Switching build target platform(5) subTarget(0) extendedPlatform(0) -> platform(13) subTarget(537395200) extendedPlatform(0)
Shader 'Universal Render Pipeline/Particles/Lit': fallback shader 'Universal Render Pipeline/Particles/SimpleLit' not found
Refreshing native plugins compatible for Editor in 0.57 ms, found 1 plugins.
Preloading 0 native plugins for Editor in 0.00 ms.
Unloading 2856 Unused Serialized files (Serialized files now loaded: 0)
System memory in use before: 123.6 MB.
System memory in use after: 123.7 MB.

Unloading 13 unused Assets to reduce memory usage. Loaded Objects now: 3582.
Total: 3.738700 ms (FindLiveObjects: 0.318100 ms CreateObjectMapping: 0.127300 ms MarkObjects: 3.159700 ms  DeleteObjects: 0.132300 ms)

AssetImportParameters requested are different than current active one (requested -> active):
  custom:graphics/normal-map-encoding: 01000000000000000000000000000000 -> 02000000000000000000000000000000
========================================================================
Received Prepare
Registering precompiled user dll's ...
Registered in 0.001317 seconds.
Begin MonoManager ReloadAssembly
Native extension for WindowsStandalone target not found
Refreshing native plugins compatible for Editor in 0.98 ms, found 1 plugins.
Preloading 0 native plugins for Editor in 0.00 ms.
Invoked RoslynAnalysisRunner static constructor.
RoslynAnalysisRunner will not be running.
RoslynAnalysisRunner has terminated.
Mono: successfully reloaded assembly
- Completed reload, in  1.219 seconds
Platform modules already initialized, skipping
Switching build target platform(5) subTarget(0) extendedPlatform(0) -> platform(13) subTarget(537395200) extendedPlatform(0)
Shader 'Universal Render Pipeline/Particles/Lit': fallback shader 'Universal Render Pipeline/Particles/SimpleLit' not found
Refreshing native plugins compatible for Editor in 0.58 ms, found 1 plugins.
Preloading 0 native plugins for Editor in 0.00 ms.
Unloading 2856 Unused Serialized files (Serialized files now loaded: 0)
System memory in use before: 123.6 MB.
System memory in use after: 123.7 MB.

Unloading 13 unused Assets to reduce memory usage. Loaded Objects now: 3586.
Total: 3.981500 ms (FindLiveObjects: 0.306600 ms CreateObjectMapping: 0.129100 ms MarkObjects: 3.405600 ms  DeleteObjects: 0.139100 ms)

AssetImportParameters requested are different than current active one (requested -> active):
  custom:graphics/normal-map-encoding: 01000000000000000000000000000000 -> 02000000000000000000000000000000
========================================================================
Received Prepare
Registering precompiled user dll's ...
Registered in 0.001267 seconds.
Begin MonoManager ReloadAssembly
Native extension for WindowsStandalone target not found
Refreshing native plugins compatible for Editor in 0.60 ms, found 1 plugins.
Preloading 0 native plugins for Editor in 0.00 ms.
Invoked RoslynAnalysisRunner static constructor.
RoslynAnalysisRunner will not be running.
RoslynAnalysisRunner has terminated.
Mono: successfully reloaded assembly
- Completed reload, in  1.300 seconds
Platform modules already initialized, skipping
Switching build target platform(5) subTarget(0) extendedPlatform(0) -> platform(13) subTarget(537395200) extendedPlatform(0)
Shader 'Universal Render Pipeline/Particles/Lit': fallback shader 'Universal Render Pipeline/Particles/SimpleLit' not found
Refreshing native plugins compatible for Editor in 0.59 ms, found 1 plugins.
Preloading 0 native plugins for Editor in 0.00 ms.
Unloading 2856 Unused Serialized files (Serialized files now loaded: 0)
System memory in use before: 123.6 MB.
System memory in use after: 123.7 MB.

Unloading 13 unused Assets to reduce memory usage. Loaded Objects now: 3590.
Total: 2.838800 ms (FindLiveObjects: 0.295600 ms CreateObjectMapping: 0.123100 ms MarkObjects: 2.278600 ms  DeleteObjects: 0.140300 ms)

AssetImportParameters requested are different than current active one (requested -> active):
  custom:graphics/normal-map-encoding: 01000000000000000000000000000000 -> 02000000000000000000000000000000
========================================================================
Received Prepare
Registering precompiled user dll's ...
Registered in 0.003017 seconds.
Begin MonoManager ReloadAssembly
Native extension for WindowsStandalone target not found
Refreshing native plugins compatible for Editor in 0.96 ms, found 1 plugins.
Preloading 0 native plugins for Editor in 0.00 ms.
Invoked RoslynAnalysisRunner static constructor.
RoslynAnalysisRunner will not be running.
RoslynAnalysisRunner has terminated.
Mono: successfully reloaded assembly
- Completed reload, in  1.942 seconds
Platform modules already initialized, skipping
Switching build target platform(5) subTarget(0) extendedPlatform(0) -> platform(13) subTarget(537395200) extendedPlatform(0)
Shader 'Universal Render Pipeline/Particles/Lit': fallback shader 'Universal Render Pipeline/Particles/SimpleLit' not found
Refreshing native plugins compatible for Editor in 0.88 ms, found 1 plugins.
Preloading 0 native plugins for Editor in 0.00 ms.
Unloading 2856 Unused Serialized files (Serialized files now loaded: 0)
System memory in use before: 123.6 MB.
System memory in use after: 123.7 MB.

Unloading 13 unused Assets to reduce memory usage. Loaded Objects now: 3594.
Total: 4.186400 ms (FindLiveObjects: 0.390500 ms CreateObjectMapping: 0.201100 ms MarkObjects: 3.404400 ms  DeleteObjects: 0.189000 ms)

AssetImportParameters requested are different than current active one (requested -> active):
  custom:graphics/normal-map-encoding: 01000000000000000000000000000000 -> 02000000000000000000000000000000
AssetImportWorkerClient::OnTransportError - code=2 error=End of file
